
Training model bert-base-uncased on dataset sst2
{'loss': 0.2915, 'grad_norm': 8.713566780090332, 'learning_rate': 1.8416468725257326e-05, 'epoch': 0.24}
{'loss': 0.2025, 'grad_norm': 4.703650951385498, 'learning_rate': 1.6832937450514647e-05, 'epoch': 0.48}
{'loss': 0.182, 'grad_norm': 6.909050941467285, 'learning_rate': 1.5249406175771972e-05, 'epoch': 0.71}
{'loss': 0.1628, 'grad_norm': 9.243040084838867, 'learning_rate': 1.3665874901029297e-05, 'epoch': 0.95}
{'eval_loss': 0.2182907611131668, 'eval_accuracy': 0.9288990825688074, 'eval_runtime': 1.9442, 'eval_samples_per_second': 448.515, 'eval_steps_per_second': 14.402, 'epoch': 1.0}
{'loss': 0.1159, 'grad_norm': 0.6637811660766602, 'learning_rate': 1.208234362628662e-05, 'epoch': 1.19}
{'loss': 0.1065, 'grad_norm': 6.921005725860596, 'learning_rate': 1.0498812351543943e-05, 'epoch': 1.43}
{'loss': 0.1086, 'grad_norm': 0.5970703363418579, 'learning_rate': 8.915281076801267e-06, 'epoch': 1.66}
{'loss': 0.1085, 'grad_norm': 4.803738594055176, 'learning_rate': 7.331749802058591e-06, 'epoch': 1.9}
{'eval_loss': 0.25379693508148193, 'eval_accuracy': 0.926605504587156, 'eval_runtime': 1.8911, 'eval_samples_per_second': 461.113, 'eval_steps_per_second': 14.806, 'epoch': 2.0}
{'loss': 0.0813, 'grad_norm': 0.1781848818063736, 'learning_rate': 5.748218527315916e-06, 'epoch': 2.14}
{'loss': 0.0659, 'grad_norm': 3.5106773376464844, 'learning_rate': 4.164687252573238e-06, 'epoch': 2.38}
{'loss': 0.0698, 'grad_norm': 18.88711166381836, 'learning_rate': 2.581155977830562e-06, 'epoch': 2.61}
{'loss': 0.0662, 'grad_norm': 8.223732948303223, 'learning_rate': 9.976247030878861e-07, 'epoch': 2.85}
{'eval_loss': 0.2969309389591217, 'eval_accuracy': 0.9277522935779816, 'eval_runtime': 1.972, 'eval_samples_per_second': 442.183, 'eval_steps_per_second': 14.199, 'epoch': 3.0}
{'train_runtime': 430.7066, 'train_samples_per_second': 469.106, 'train_steps_per_second': 14.662, 'train_loss': 0.12688159021421358, 'epoch': 3.0}


Training model bert-base-uncased on dataset cola
{'eval_loss': 0.40375107526779175, 'eval_matthews_correlation': 0.5740921203389623, 'eval_runtime': 1.7197, 'eval_samples_per_second': 606.513, 'eval_steps_per_second': 19.19, 'epoch': 1.0}
{'loss': 0.3919, 'grad_norm': 9.719874382019043, 'learning_rate': 7.5621890547263685e-06, 'epoch': 1.87}
{'eval_loss': 0.5071657299995422, 'eval_matthews_correlation': 0.5443411760365089, 'eval_runtime': 1.7598, 'eval_samples_per_second': 592.688, 'eval_steps_per_second': 18.752, 'epoch': 2.0}
{'eval_loss': 0.5026136040687561, 'eval_matthews_correlation': 0.5906590396340186, 'eval_runtime': 1.6759, 'eval_samples_per_second': 622.356, 'eval_steps_per_second': 19.691, 'epoch': 3.0}
{'train_runtime': 48.9026, 'train_samples_per_second': 524.574, 'train_steps_per_second': 16.441, 'train_loss': 0.3204076539224653, 'epoch': 3.0}

Training model bert-base-uncased on dataset rte
{'eval_loss': 0.6142970323562622, 'eval_accuracy': 0.6642599277978339, 'eval_runtime': 1.8868, 'eval_samples_per_second': 146.81, 'eval_steps_per_second': 4.77, 'epoch': 1.0}
{'eval_loss': 0.6107216477394104, 'eval_accuracy': 0.7075812274368231, 'eval_runtime': 1.8725, 'eval_samples_per_second': 147.927, 'eval_steps_per_second': 4.806, 'epoch': 2.0}
{'eval_loss': 0.6985664963722229, 'eval_accuracy': 0.6967509025270758, 'eval_runtime': 1.8054, 'eval_samples_per_second': 153.426, 'eval_steps_per_second': 4.985, 'epoch': 3.0}
{'train_runtime': 51.047, 'train_samples_per_second': 146.336, 'train_steps_per_second': 4.584, 'train_loss': 0.467864012106871, 'epoch': 3.0}

Training model bert-base-uncased on dataset stsb
{'eval_loss': 0.5373554825782776, 'eval_pearson': 0.8863848741528315, 'eval_spearmanr': 0.8840403050293737, 'eval_runtime': 2.3268, 'eval_samples_per_second': 644.654, 'eval_steps_per_second': 20.199, 'epoch': 1.0}
{'eval_loss': 0.4583800137042999, 'eval_pearson': 0.8936447861089789, 'eval_spearmanr': 0.890882944976787, 'eval_runtime': 2.2786, 'eval_samples_per_second': 658.3, 'eval_steps_per_second': 20.627, 'epoch': 2.0}
{'loss': 0.5964, 'grad_norm': 5.933821201324463, 'learning_rate': 2.962962962962963e-06, 'epoch': 2.78}
{'eval_loss': 0.4510434567928314, 'eval_pearson': 0.8963569883581357, 'eval_spearmanr': 0.8919941966323655, 'eval_runtime': 2.2631, 'eval_samples_per_second': 662.816, 'eval_steps_per_second': 20.768, 'epoch': 3.0}
{'train_runtime': 64.1911, 'train_samples_per_second': 268.682, 'train_steps_per_second': 8.412, 'train_loss': 0.568175056245592, 'epoch': 3.0}

Training model bert-base-uncased on dataset qnli
{'loss': 0.4283, 'grad_norm': 5.931190013885498, 'learning_rate': 3.7963754836082266e-05, 'epoch': 0.15}
{'loss': 0.3493, 'grad_norm': 4.764130115509033, 'learning_rate': 3.592750967216453e-05, 'epoch': 0.31}
{'loss': 0.3285, 'grad_norm': 7.584385871887207, 'learning_rate': 3.38912645082468e-05, 'epoch': 0.46}
{'loss': 0.3157, 'grad_norm': 7.692193508148193, 'learning_rate': 3.185501934432906e-05, 'epoch': 0.61}
{'loss': 0.3002, 'grad_norm': 4.2854719161987305, 'learning_rate': 2.9818774180411325e-05, 'epoch': 0.76}
{'loss': 0.2823, 'grad_norm': 4.286477565765381, 'learning_rate': 2.7782529016493588e-05, 'epoch': 0.92}
{'eval_loss': 0.2368110865354538, 'eval_accuracy': 0.9088412959912137, 'eval_runtime': 8.4063, 'eval_samples_per_second': 649.87, 'eval_steps_per_second': 20.342, 'epoch': 1.0}
{'loss': 0.2348, 'grad_norm': 6.2981438636779785, 'learning_rate': 2.5746283852575854e-05, 'epoch': 1.07}
{'loss': 0.1672, 'grad_norm': 3.514799118041992, 'learning_rate': 2.3710038688658114e-05, 'epoch': 1.22}
{'loss': 0.1692, 'grad_norm': 10.236523628234863, 'learning_rate': 2.167379352474038e-05, 'epoch': 1.37}
{'loss': 0.1628, 'grad_norm': 8.39889144897461, 'learning_rate': 1.9637548360822643e-05, 'epoch': 1.53}
{'loss': 0.1751, 'grad_norm': 5.705577373504639, 'learning_rate': 1.760130319690491e-05, 'epoch': 1.68}
{'loss': 0.1705, 'grad_norm': 3.963228702545166, 'learning_rate': 1.5565058032987173e-05, 'epoch': 1.83}
{'loss': 0.1641, 'grad_norm': 4.741316795349121, 'learning_rate': 1.3528812869069437e-05, 'epoch': 1.99}
{'eval_loss': 0.26201629638671875, 'eval_accuracy': 0.9121361889071938, 'eval_runtime': 9.4148, 'eval_samples_per_second': 580.257, 'eval_steps_per_second': 18.163, 'epoch': 2.0}
{'loss': 0.0843, 'grad_norm': 13.195019721984863, 'learning_rate': 1.14925677051517e-05, 'epoch': 2.14}
{'loss': 0.0778, 'grad_norm': 11.187722206115723, 'learning_rate': 9.456322541233965e-06, 'epoch': 2.29}
{'loss': 0.0768, 'grad_norm': 3.646080732345581, 'learning_rate': 7.4200773773162295e-06, 'epoch': 2.44}
{'loss': 0.0808, 'grad_norm': 10.662498474121094, 'learning_rate': 5.383832213398493e-06, 'epoch': 2.6}
{'loss': 0.0759, 'grad_norm': 0.2536109387874603, 'learning_rate': 3.3475870494807575e-06, 'epoch': 2.75}
{'loss': 0.0703, 'grad_norm': 14.062324523925781, 'learning_rate': 1.311341885563022e-06, 'epoch': 2.9}
{'eval_loss': 0.3667665719985962, 'eval_accuracy': 0.9132344865458539, 'eval_runtime': 8.669, 'eval_samples_per_second': 630.175, 'eval_steps_per_second': 19.725, 'epoch': 3.0}
{'train_runtime': 1331.6327, 'train_samples_per_second': 235.973, 'train_steps_per_second': 7.376, 'train_loss': 0.1918053637694691, 'epoch': 3.0}

Training model bert-base-uncased on dataset qqp
{'loss': 0.6252, 'grad_norm': 6.194024085998535, 'learning_rate': 9.853428311787294e-07, 'epoch': 0.04}
{'loss': 0.5073, 'grad_norm': 7.363815784454346, 'learning_rate': 9.706856623574589e-07, 'epoch': 0.09}
{'loss': 0.4711, 'grad_norm': 4.874927997589111, 'learning_rate': 9.560284935361885e-07, 'epoch': 0.13}
{'loss': 0.4481, 'grad_norm': 4.2824015617370605, 'learning_rate': 9.41371324714918e-07, 'epoch': 0.18}
{'loss': 0.4399, 'grad_norm': 8.626620292663574, 'learning_rate': 9.267141558936476e-07, 'epoch': 0.22}
{'loss': 0.4246, 'grad_norm': 5.082108974456787, 'learning_rate': 9.120569870723771e-07, 'epoch': 0.26}
{'loss': 0.42, 'grad_norm': 4.763330459594727, 'learning_rate': 8.973998182511066e-07, 'epoch': 0.31}
{'loss': 0.4187, 'grad_norm': 5.490750312805176, 'learning_rate': 8.827426494298361e-07, 'epoch': 0.35}
{'loss': 0.4066, 'grad_norm': 7.101678371429443, 'learning_rate': 8.680854806085656e-07, 'epoch': 0.4}
{'loss': 0.3975, 'grad_norm': 11.112783432006836, 'learning_rate': 8.534283117872952e-07, 'epoch': 0.44}
{'loss': 0.4059, 'grad_norm': 8.718628883361816, 'learning_rate': 8.387711429660247e-07, 'epoch': 0.48}
{'loss': 0.3971, 'grad_norm': 4.659029960632324, 'learning_rate': 8.241139741447542e-07, 'epoch': 0.53}
{'loss': 0.3902, 'grad_norm': 6.826774597167969, 'learning_rate': 8.094568053234837e-07, 'epoch': 0.57}
{'loss': 0.3868, 'grad_norm': 5.98736047744751, 'learning_rate': 7.947996365022132e-07, 'epoch': 0.62}
{'loss': 0.3843, 'grad_norm': 7.7824907302856445, 'learning_rate': 7.801424676809428e-07, 'epoch': 0.66}
{'loss': 0.3798, 'grad_norm': 7.389644622802734, 'learning_rate': 7.654852988596723e-07, 'epoch': 0.7}
{'loss': 0.3831, 'grad_norm': 6.558544635772705, 'learning_rate': 7.508281300384018e-07, 'epoch': 0.75}
{'loss': 0.3757, 'grad_norm': 7.77482795715332, 'learning_rate': 7.361709612171313e-07, 'epoch': 0.79}
{'loss': 0.3761, 'grad_norm': 7.149226188659668, 'learning_rate': 7.215137923958608e-07, 'epoch': 0.84}
{'loss': 0.3754, 'grad_norm': 7.8533124923706055, 'learning_rate': 7.068566235745904e-07, 'epoch': 0.88}
{'loss': 0.3682, 'grad_norm': 4.915518760681152, 'learning_rate': 6.921994547533199e-07, 'epoch': 0.92}
{'loss': 0.3676, 'grad_norm': 4.708585262298584, 'learning_rate': 6.775422859320493e-07, 'epoch': 0.97}
{'eval_loss': 0.3472513258457184, 'eval_accuracy': 0.8380657927281722, 'eval_f1': 0.7990546637610878, 'eval_runtime': 42.5259, 'eval_samples_per_second': 950.716, 'eval_steps_per_second': 29.723, 'epoch': 1.0}
{'loss': 0.3615, 'grad_norm': 5.704648017883301, 'learning_rate': 6.628851171107788e-07, 'epoch': 1.01}
{'loss': 0.362, 'grad_norm': 5.39114236831665, 'learning_rate': 6.482279482895083e-07, 'epoch': 1.06}
{'loss': 0.356, 'grad_norm': 6.162991046905518, 'learning_rate': 6.335707794682378e-07, 'epoch': 1.1}
{'loss': 0.3565, 'grad_norm': 7.291227340698242, 'learning_rate': 6.189136106469674e-07, 'epoch': 1.14}
{'loss': 0.3519, 'grad_norm': 5.7701897621154785, 'learning_rate': 6.042564418256969e-07, 'epoch': 1.19}
{'loss': 0.3528, 'grad_norm': 7.236832141876221, 'learning_rate': 5.895992730044264e-07, 'epoch': 1.23}
{'loss': 0.3514, 'grad_norm': 7.254779815673828, 'learning_rate': 5.749421041831559e-07, 'epoch': 1.28}
{'loss': 0.348, 'grad_norm': 5.682676792144775, 'learning_rate': 5.602849353618854e-07, 'epoch': 1.32}
{'loss': 0.346, 'grad_norm': 6.406216144561768, 'learning_rate': 5.45627766540615e-07, 'epoch': 1.36}
{'loss': 0.3485, 'grad_norm': 10.739299774169922, 'learning_rate': 5.309705977193445e-07, 'epoch': 1.41}
{'loss': 0.3464, 'grad_norm': 7.714424133300781, 'learning_rate': 5.16313428898074e-07, 'epoch': 1.45}
{'loss': 0.3458, 'grad_norm': 6.034843444824219, 'learning_rate': 5.016562600768035e-07, 'epoch': 1.5}
{'loss': 0.3349, 'grad_norm': 7.162909984588623, 'learning_rate': 4.86999091255533e-07, 'epoch': 1.54}
{'loss': 0.3446, 'grad_norm': 7.8337483406066895, 'learning_rate': 4.7234192243426256e-07, 'epoch': 1.58}
{'loss': 0.3359, 'grad_norm': 6.589320659637451, 'learning_rate': 4.5768475361299207e-07, 'epoch': 1.63}
{'loss': 0.3454, 'grad_norm': 10.050602912902832, 'learning_rate': 4.430275847917216e-07, 'epoch': 1.67}
{'loss': 0.3349, 'grad_norm': 7.665870189666748, 'learning_rate': 4.2837041597045114e-07, 'epoch': 1.71}
{'loss': 0.3413, 'grad_norm': 9.784305572509766, 'learning_rate': 4.1371324714918065e-07, 'epoch': 1.76}
{'loss': 0.3362, 'grad_norm': 10.878043174743652, 'learning_rate': 3.9905607832791016e-07, 'epoch': 1.8}
{'loss': 0.3399, 'grad_norm': 6.342742443084717, 'learning_rate': 3.8439890950663967e-07, 'epoch': 1.85}
{'loss': 0.3439, 'grad_norm': 7.875329971313477, 'learning_rate': 3.697417406853692e-07, 'epoch': 1.89}
{'loss': 0.3407, 'grad_norm': 5.357316017150879, 'learning_rate': 3.5508457186409874e-07, 'epoch': 1.93}
{'loss': 0.3458, 'grad_norm': 7.736732482910156, 'learning_rate': 3.4042740304282825e-07, 'epoch': 1.98}
{'eval_loss': 0.33489975333213806, 'eval_accuracy': 0.8449913430620826, 'eval_f1': 0.8112633639512121, 'eval_runtime': 36.695, 'eval_samples_per_second': 1101.785, 'eval_steps_per_second': 34.446, 'epoch': 2.0}
{'loss': 0.3342, 'grad_norm': 9.540884017944336, 'learning_rate': 3.2577023422155776e-07, 'epoch': 2.02}

Training model bert-base-uncased on dataset qqp
{'loss': 0.4362, 'grad_norm': 4.934964656829834, 'learning_rate': 1.9706856623574592e-05, 'epoch': 0.04}
{'loss': 0.3611, 'grad_norm': 7.278404235839844, 'learning_rate': 1.9413713247149183e-05, 'epoch': 0.09}
{'loss': 0.3439, 'grad_norm': 3.811255931854248, 'learning_rate': 1.9120569870723774e-05, 'epoch': 0.13}
{'loss': 0.3232, 'grad_norm': 7.33827543258667, 'learning_rate': 1.882742649429836e-05, 'epoch': 0.18}
{'loss': 0.3187, 'grad_norm': 5.528832912445068, 'learning_rate': 1.8534283117872952e-05, 'epoch': 0.22}
{'loss': 0.2999, 'grad_norm': 3.6301190853118896, 'learning_rate': 1.8241139741447543e-05, 'epoch': 0.26}
{'loss': 0.2955, 'grad_norm': 5.6457319259643555, 'learning_rate': 1.7947996365022134e-05, 'epoch': 0.31}
{'loss': 0.3006, 'grad_norm': 4.951493740081787, 'learning_rate': 1.7654852988596725e-05, 'epoch': 0.35}
{'loss': 0.289, 'grad_norm': 4.607010841369629, 'learning_rate': 1.7361709612171312e-05, 'epoch': 0.4}
{'loss': 0.284, 'grad_norm': 5.481998920440674, 'learning_rate': 1.7068566235745903e-05, 'epoch': 0.44}
{'loss': 0.2847, 'grad_norm': 4.523716449737549, 'learning_rate': 1.6775422859320497e-05, 'epoch': 0.48}
{'loss': 0.2786, 'grad_norm': 4.644831657409668, 'learning_rate': 1.6482279482895085e-05, 'epoch': 0.53}
{'loss': 0.2729, 'grad_norm': 4.852969169616699, 'learning_rate': 1.6189136106469676e-05, 'epoch': 0.57}
{'loss': 0.266, 'grad_norm': 4.378370761871338, 'learning_rate': 1.5895992730044266e-05, 'epoch': 0.62}
{'loss': 0.2674, 'grad_norm': 5.574107646942139, 'learning_rate': 1.5602849353618857e-05, 'epoch': 0.66}
{'loss': 0.2573, 'grad_norm': 3.85766863822937, 'learning_rate': 1.5309705977193448e-05, 'epoch': 0.7}
{'loss': 0.2638, 'grad_norm': 5.8029255867004395, 'learning_rate': 1.5016562600768037e-05, 'epoch': 0.75}
{'loss': 0.257, 'grad_norm': 4.742741107940674, 'learning_rate': 1.4723419224342628e-05, 'epoch': 0.79}
{'loss': 0.2562, 'grad_norm': 5.5326619148254395, 'learning_rate': 1.4430275847917217e-05, 'epoch': 0.84}
{'loss': 0.2593, 'grad_norm': 5.044434070587158, 'learning_rate': 1.4137132471491808e-05, 'epoch': 0.88}
{'loss': 0.2502, 'grad_norm': 3.8394949436187744, 'learning_rate': 1.3843989095066399e-05, 'epoch': 0.92}
{'loss': 0.25, 'grad_norm': 4.7903289794921875, 'learning_rate': 1.3550845718640988e-05, 'epoch': 0.97}
{'eval_loss': 0.23964744806289673, 'eval_accuracy': 0.8999505317833292, 'eval_f1': 0.8665148665148665, 'eval_runtime': 47.1361, 'eval_samples_per_second': 857.729, 'eval_steps_per_second': 26.816, 'epoch': 1.0}
{'loss': 0.2329, 'grad_norm': 6.823455333709717, 'learning_rate': 1.3257702342215579e-05, 'epoch': 1.01}
{'loss': 0.1887, 'grad_norm': 4.652714729309082, 'learning_rate': 1.2964558965790168e-05, 'epoch': 1.06}
{'loss': 0.1846, 'grad_norm': 4.8064069747924805, 'learning_rate': 1.2671415589364759e-05, 'epoch': 1.1}
{'loss': 0.1857, 'grad_norm': 4.5989298820495605, 'learning_rate': 1.2378272212939351e-05, 'epoch': 1.14}
{'loss': 0.1854, 'grad_norm': 6.537898540496826, 'learning_rate': 1.208512883651394e-05, 'epoch': 1.19}
{'loss': 0.1794, 'grad_norm': 6.466713905334473, 'learning_rate': 1.1791985460088531e-05, 'epoch': 1.23}
{'loss': 0.1808, 'grad_norm': 4.946992874145508, 'learning_rate': 1.149884208366312e-05, 'epoch': 1.28}
{'loss': 0.1793, 'grad_norm': 4.091732025146484, 'learning_rate': 1.1205698707237711e-05, 'epoch': 1.32}
{'loss': 0.1759, 'grad_norm': 5.2435503005981445, 'learning_rate': 1.0912555330812302e-05, 'epoch': 1.36}
{'loss': 0.1835, 'grad_norm': 6.322798252105713, 'learning_rate': 1.0619411954386891e-05, 'epoch': 1.41}
{'loss': 0.1806, 'grad_norm': 4.92574405670166, 'learning_rate': 1.0326268577961482e-05, 'epoch': 1.45}
{'loss': 0.1851, 'grad_norm': 6.7249755859375, 'learning_rate': 1.0033125201536071e-05, 'epoch': 1.5}
{'loss': 0.1761, 'grad_norm': 2.5062038898468018, 'learning_rate': 9.739981825110662e-06, 'epoch': 1.54}
{'loss': 0.1772, 'grad_norm': 5.014565467834473, 'learning_rate': 9.446838448685253e-06, 'epoch': 1.58}
{'loss': 0.1733, 'grad_norm': 3.9743752479553223, 'learning_rate': 9.153695072259843e-06, 'epoch': 1.63}
{'loss': 0.1869, 'grad_norm': 7.0745954513549805, 'learning_rate': 8.860551695834433e-06, 'epoch': 1.67}
{'loss': 0.1727, 'grad_norm': 8.403956413269043, 'learning_rate': 8.567408319409023e-06, 'epoch': 1.71}
{'loss': 0.1728, 'grad_norm': 3.23343563079834, 'learning_rate': 8.274264942983614e-06, 'epoch': 1.76}
{'loss': 0.1778, 'grad_norm': 4.506993770599365, 'learning_rate': 7.981121566558205e-06, 'epoch': 1.8}
{'loss': 0.1751, 'grad_norm': 7.283694744110107, 'learning_rate': 7.687978190132794e-06, 'epoch': 1.85}
{'loss': 0.1784, 'grad_norm': 7.418331623077393, 'learning_rate': 7.394834813707384e-06, 'epoch': 1.89}
{'loss': 0.1743, 'grad_norm': 6.34664249420166, 'learning_rate': 7.101691437281976e-06, 'epoch': 1.93}
{'loss': 0.179, 'grad_norm': 4.654793739318848, 'learning_rate': 6.808548060856566e-06, 'epoch': 1.98}
{'eval_loss': 0.23238807916641235, 'eval_accuracy': 0.908459065050705, 'eval_f1': 0.8778023574470896, 'eval_runtime': 36.0224, 'eval_samples_per_second': 1122.358, 'eval_steps_per_second': 35.089, 'epoch': 2.0}
{'loss': 0.1417, 'grad_norm': 3.1012256145477295, 'learning_rate': 6.515404684431156e-06, 'epoch': 2.02}
{'loss': 0.1228, 'grad_norm': 12.511240005493164, 'learning_rate': 6.222261308005746e-06, 'epoch': 2.07}
{'loss': 0.1219, 'grad_norm': 7.62544584274292, 'learning_rate': 5.929117931580336e-06, 'epoch': 2.11}
{'loss': 0.1208, 'grad_norm': 1.4123252630233765, 'learning_rate': 5.6359745551549274e-06, 'epoch': 2.15}
{'loss': 0.12, 'grad_norm': 1.3317681550979614, 'learning_rate': 5.3428311787295174e-06, 'epoch': 2.2}
{'loss': 0.1225, 'grad_norm': 7.464418411254883, 'learning_rate': 5.049687802304107e-06, 'epoch': 2.24}
{'loss': 0.1205, 'grad_norm': 1.3361626863479614, 'learning_rate': 4.756544425878697e-06, 'epoch': 2.29}
{'loss': 0.1268, 'grad_norm': 5.065556526184082, 'learning_rate': 4.463401049453288e-06, 'epoch': 2.33}
{'loss': 0.12, 'grad_norm': 10.705233573913574, 'learning_rate': 4.170257673027878e-06, 'epoch': 2.37}
{'loss': 0.114, 'grad_norm': 15.355076789855957, 'learning_rate': 3.877114296602469e-06, 'epoch': 2.42}
{'loss': 0.1207, 'grad_norm': 7.103999614715576, 'learning_rate': 3.583970920177059e-06, 'epoch': 2.46}
{'loss': 0.1133, 'grad_norm': 6.16128396987915, 'learning_rate': 3.290827543751649e-06, 'epoch': 2.51}
{'loss': 0.1142, 'grad_norm': 1.2725038528442383, 'learning_rate': 2.9976841673262398e-06, 'epoch': 2.55}
{'loss': 0.1169, 'grad_norm': 0.8066850304603577, 'learning_rate': 2.7045407909008298e-06, 'epoch': 2.59}
{'loss': 0.1218, 'grad_norm': 7.263722896575928, 'learning_rate': 2.41139741447542e-06, 'epoch': 2.64}
{'loss': 0.1209, 'grad_norm': 2.946906328201294, 'learning_rate': 2.1182540380500106e-06, 'epoch': 2.68}
{'loss': 0.1184, 'grad_norm': 1.6106195449829102, 'learning_rate': 1.825110661624601e-06, 'epoch': 2.73}
{'loss': 0.1183, 'grad_norm': 9.358769416809082, 'learning_rate': 1.531967285199191e-06, 'epoch': 2.77}
{'loss': 0.1118, 'grad_norm': 2.402994394302368, 'learning_rate': 1.2388239087737813e-06, 'epoch': 2.81}
{'loss': 0.1112, 'grad_norm': 1.7797231674194336, 'learning_rate': 9.456805323483717e-07, 'epoch': 2.86}
{'loss': 0.1106, 'grad_norm': 10.628973007202148, 'learning_rate': 6.525371559229619e-07, 'epoch': 2.9}
{'loss': 0.1136, 'grad_norm': 5.98956823348999, 'learning_rate': 3.5939377949755233e-07, 'epoch': 2.95}
{'loss': 0.112, 'grad_norm': 5.402597904205322, 'learning_rate': 6.62504030721426e-08, 'epoch': 2.99}
{'eval_loss': 0.28739500045776367, 'eval_accuracy': 0.9109572099925798, 'eval_f1': 0.8796228181635792, 'eval_runtime': 36.5746, 'eval_samples_per_second': 1105.412, 'eval_steps_per_second': 34.559, 'epoch': 3.0}
{'train_runtime': 3596.402, 'train_samples_per_second': 303.508, 'train_steps_per_second': 9.485, 'train_loss': 0.19586530021238294, 'epoch': 3.0}

Training model bert-base-uncased on dataset mnli
{'loss': 0.7995, 'grad_norm': 5.477905750274658, 'learning_rate': 1.9728378965667103e-05, 'epoch': 0.04}
{'loss': 0.6533, 'grad_norm': 7.350674152374268, 'learning_rate': 1.9456757931334205e-05, 'epoch': 0.08}
{'loss': 0.5949, 'grad_norm': 8.9179105758667, 'learning_rate': 1.9185136897001307e-05, 'epoch': 0.12}
{'loss': 0.5833, 'grad_norm': 8.254024505615234, 'learning_rate': 1.8913515862668405e-05, 'epoch': 0.16}
{'loss': 0.5592, 'grad_norm': 12.124137878417969, 'learning_rate': 1.8641894828335507e-05, 'epoch': 0.2}
{'loss': 0.5353, 'grad_norm': 6.175246715545654, 'learning_rate': 1.837027379400261e-05, 'epoch': 0.24}
{'loss': 0.5356, 'grad_norm': 5.378127098083496, 'learning_rate': 1.809865275966971e-05, 'epoch': 0.29}
{'loss': 0.5154, 'grad_norm': 7.78678035736084, 'learning_rate': 1.7827031725336812e-05, 'epoch': 0.33}
{'loss': 0.5128, 'grad_norm': 5.78334379196167, 'learning_rate': 1.7555410691003914e-05, 'epoch': 0.37}
{'loss': 0.5003, 'grad_norm': 9.85512924194336, 'learning_rate': 1.7283789656671015e-05, 'epoch': 0.41}
{'loss': 0.4959, 'grad_norm': 6.868127346038818, 'learning_rate': 1.7012168622338114e-05, 'epoch': 0.45}
{'loss': 0.4937, 'grad_norm': 7.66502571105957, 'learning_rate': 1.6740547588005215e-05, 'epoch': 0.49}
{'loss': 0.487, 'grad_norm': 5.001330852508545, 'learning_rate': 1.6468926553672317e-05, 'epoch': 0.53}
{'loss': 0.4721, 'grad_norm': 8.651330947875977, 'learning_rate': 1.619730551933942e-05, 'epoch': 0.57}
{'loss': 0.4755, 'grad_norm': 5.6634745597839355, 'learning_rate': 1.592568448500652e-05, 'epoch': 0.61}
{'loss': 0.4755, 'grad_norm': 5.606645584106445, 'learning_rate': 1.5654063450673622e-05, 'epoch': 0.65}
{'loss': 0.469, 'grad_norm': 4.574291706085205, 'learning_rate': 1.5382442416340724e-05, 'epoch': 0.69}
{'loss': 0.4738, 'grad_norm': 4.908139228820801, 'learning_rate': 1.5110821382007822e-05, 'epoch': 0.73}
{'loss': 0.4606, 'grad_norm': 7.350942611694336, 'learning_rate': 1.4839200347674924e-05, 'epoch': 0.77}
{'loss': 0.4535, 'grad_norm': 5.914364337921143, 'learning_rate': 1.4567579313342026e-05, 'epoch': 0.81}
{'loss': 0.4623, 'grad_norm': 9.412999153137207, 'learning_rate': 1.4295958279009128e-05, 'epoch': 0.86}
{'loss': 0.4588, 'grad_norm': 6.581689357757568, 'learning_rate': 1.402433724467623e-05, 'epoch': 0.9}
{'loss': 0.45, 'grad_norm': 7.481759548187256, 'learning_rate': 1.3752716210343331e-05, 'epoch': 0.94}
{'loss': 0.4441, 'grad_norm': 7.482394695281982, 'learning_rate': 1.3481095176010431e-05, 'epoch': 0.98}
{'eval_loss': 0.4245254099369049, 'eval_accuracy': 0.8365766683647479, 'eval_runtime': 13.1431, 'eval_samples_per_second': 746.778, 'eval_steps_per_second': 23.358, 'epoch': 1.0}
{'loss': 0.3984, 'grad_norm': 6.210665702819824, 'learning_rate': 1.3209474141677531e-05, 'epoch': 1.02}
{'loss': 0.3343, 'grad_norm': 6.290616512298584, 'learning_rate': 1.2937853107344633e-05, 'epoch': 1.06}
{'loss': 0.344, 'grad_norm': 10.041203498840332, 'learning_rate': 1.2666232073011735e-05, 'epoch': 1.1}
{'loss': 0.3369, 'grad_norm': 8.564179420471191, 'learning_rate': 1.2394611038678836e-05, 'epoch': 1.14}
{'loss': 0.3515, 'grad_norm': 3.2541122436523438, 'learning_rate': 1.2122990004345938e-05, 'epoch': 1.18}
{'loss': 0.3361, 'grad_norm': 5.3174614906311035, 'learning_rate': 1.185136897001304e-05, 'epoch': 1.22}
{'loss': 0.3422, 'grad_norm': 6.19367790222168, 'learning_rate': 1.157974793568014e-05, 'epoch': 1.26}
{'loss': 0.3404, 'grad_norm': 8.289642333984375, 'learning_rate': 1.130812690134724e-05, 'epoch': 1.3}
{'loss': 0.3392, 'grad_norm': 6.434450626373291, 'learning_rate': 1.1036505867014341e-05, 'epoch': 1.34}
{'loss': 0.3423, 'grad_norm': 9.432780265808105, 'learning_rate': 1.0764884832681443e-05, 'epoch': 1.39}
{'loss': 0.3418, 'grad_norm': 6.808187007904053, 'learning_rate': 1.0493263798348545e-05, 'epoch': 1.43}
{'loss': 0.3309, 'grad_norm': 6.23717737197876, 'learning_rate': 1.0221642764015647e-05, 'epoch': 1.47}
{'loss': 0.3319, 'grad_norm': 7.7397260665893555, 'learning_rate': 9.950021729682747e-06, 'epoch': 1.51}
{'loss': 0.336, 'grad_norm': 4.449869632720947, 'learning_rate': 9.678400695349848e-06, 'epoch': 1.55}
{'loss': 0.3486, 'grad_norm': 10.076601028442383, 'learning_rate': 9.40677966101695e-06, 'epoch': 1.59}
{'loss': 0.3381, 'grad_norm': 6.297560214996338, 'learning_rate': 9.13515862668405e-06, 'epoch': 1.63}
{'loss': 0.3325, 'grad_norm': 5.449075222015381, 'learning_rate': 8.863537592351152e-06, 'epoch': 1.67}
{'loss': 0.3335, 'grad_norm': 8.409290313720703, 'learning_rate': 8.591916558018254e-06, 'epoch': 1.71}
{'loss': 0.3303, 'grad_norm': 7.2968525886535645, 'learning_rate': 8.320295523685355e-06, 'epoch': 1.75}
{'loss': 0.3291, 'grad_norm': 5.260222434997559, 'learning_rate': 8.048674489352455e-06, 'epoch': 1.79}
{'loss': 0.328, 'grad_norm': 9.545089721679688, 'learning_rate': 7.777053455019557e-06, 'epoch': 1.83}
{'loss': 0.3267, 'grad_norm': 10.899484634399414, 'learning_rate': 7.505432420686659e-06, 'epoch': 1.87}
{'loss': 0.3329, 'grad_norm': 4.510372161865234, 'learning_rate': 7.23381138635376e-06, 'epoch': 1.91}
{'loss': 0.3337, 'grad_norm': 4.733830451965332, 'learning_rate': 6.962190352020861e-06, 'epoch': 1.96}
{'loss': 0.3222, 'grad_norm': 5.051665782928467, 'learning_rate': 6.690569317687963e-06, 'epoch': 2.0}
{'eval_loss': 0.4240073263645172, 'eval_accuracy': 0.8469689251146205, 'eval_runtime': 14.3305, 'eval_samples_per_second': 684.905, 'eval_steps_per_second': 21.423, 'epoch': 2.0}
{'loss': 0.2493, 'grad_norm': 11.56688117980957, 'learning_rate': 6.418948283355063e-06, 'epoch': 2.04}
{'loss': 0.2246, 'grad_norm': 14.84701156616211, 'learning_rate': 6.147327249022165e-06, 'epoch': 2.08}
{'loss': 0.2308, 'grad_norm': 7.717929363250732, 'learning_rate': 5.8757062146892665e-06, 'epoch': 2.12}
{'loss': 0.2447, 'grad_norm': 7.785985946655273, 'learning_rate': 5.6040851803563665e-06, 'epoch': 2.16}
{'loss': 0.2282, 'grad_norm': 6.262176990509033, 'learning_rate': 5.332464146023468e-06, 'epoch': 2.2}
{'loss': 0.2318, 'grad_norm': 10.2150239944458, 'learning_rate': 5.06084311169057e-06, 'epoch': 2.24}
{'loss': 0.2431, 'grad_norm': 10.523483276367188, 'learning_rate': 4.789222077357671e-06, 'epoch': 2.28}
{'loss': 0.2188, 'grad_norm': 10.833901405334473, 'learning_rate': 4.5176010430247726e-06, 'epoch': 2.32}
{'loss': 0.2304, 'grad_norm': 5.580188751220703, 'learning_rate': 4.2459800086918734e-06, 'epoch': 2.36}
{'loss': 0.2265, 'grad_norm': 8.317449569702148, 'learning_rate': 3.974358974358974e-06, 'epoch': 2.4}
{'loss': 0.2324, 'grad_norm': 7.167829513549805, 'learning_rate': 3.702737940026076e-06, 'epoch': 2.44}
{'loss': 0.2306, 'grad_norm': 10.129164695739746, 'learning_rate': 3.431116905693177e-06, 'epoch': 2.49}
{'loss': 0.2317, 'grad_norm': 8.295936584472656, 'learning_rate': 3.1594958713602786e-06, 'epoch': 2.53}
{'loss': 0.2281, 'grad_norm': 6.570663928985596, 'learning_rate': 2.8878748370273795e-06, 'epoch': 2.57}
{'loss': 0.2201, 'grad_norm': 9.908132553100586, 'learning_rate': 2.6162538026944812e-06, 'epoch': 2.61}
{'loss': 0.2286, 'grad_norm': 6.838000297546387, 'learning_rate': 2.344632768361582e-06, 'epoch': 2.65}
{'loss': 0.225, 'grad_norm': 7.962643146514893, 'learning_rate': 2.0730117340286834e-06, 'epoch': 2.69}
{'loss': 0.2332, 'grad_norm': 13.514429092407227, 'learning_rate': 1.8013906996957845e-06, 'epoch': 2.73}
{'loss': 0.2345, 'grad_norm': 5.638360977172852, 'learning_rate': 1.5297696653628858e-06, 'epoch': 2.77}
{'loss': 0.2311, 'grad_norm': 8.35311508178711, 'learning_rate': 1.258148631029987e-06, 'epoch': 2.81}
{'loss': 0.2176, 'grad_norm': 6.305310249328613, 'learning_rate': 9.865275966970884e-07, 'epoch': 2.85}
{'loss': 0.2207, 'grad_norm': 8.926342964172363, 'learning_rate': 7.149065623641896e-07, 'epoch': 2.89}
{'loss': 0.2289, 'grad_norm': 4.785172462463379, 'learning_rate': 4.432855280312908e-07, 'epoch': 2.93}
{'loss': 0.222, 'grad_norm': 10.144248962402344, 'learning_rate': 1.7166449369839202e-07, 'epoch': 2.97}
{'eval_loss': 0.48245969414711, 'eval_accuracy': 0.8490066225165563, 'eval_runtime': 13.9742, 'eval_samples_per_second': 702.364, 'eval_steps_per_second': 21.969, 'epoch': 3.0}
{'train_runtime': 5207.1979, 'train_samples_per_second': 226.246, 'train_steps_per_second': 7.07, 'train_loss': 0.35971030500959905, 'epoch': 3.0}
